{"/home/clawd/.openclaw/workspace/regatta-backend/src/scoring.ts": {"path":"/home/clawd/.openclaw/workspace/regatta-backend/src/scoring.ts","statementMap":{"0":{"start":{"line":12,"column":0},"end":{"line":12,"column":16}},"1":{"start":{"line":17,"column":52},"end":{"line":24,"column":4}},"2":{"start":{"line":26,"column":24},"end":{"line":32,"column":26}},"3":{"start":{"line":27,"column":4},"end":{"line":31,"column":5}},"4":{"start":{"line":28,"column":6},"end":{"line":28,"column":20}},"5":{"start":{"line":30,"column":6},"end":{"line":30,"column":35}},"6":{"start":{"line":32,"column":20},"end":{"line":32,"column":25}},"7":{"start":{"line":35,"column":26},"end":{"line":35,"column":74}},"8":{"start":{"line":36,"column":24},"end":{"line":36,"column":63}},"9":{"start":{"line":38,"column":21},"end":{"line":38,"column":73}},"10":{"start":{"line":38,"column":58},"end":{"line":38,"column":69}},"11":{"start":{"line":40,"column":2},"end":{"line":40,"column":20}}},"fnMap":{"0":{"name":"calculateSeriesScore","decl":{"start":{"line":12,"column":16},"end":{"line":12,"column":36}},"loc":{"start":{"line":15,"column":26},"end":{"line":41,"column":1}}},"1":{"name":"(anonymous_1)","decl":{"start":{"line":26,"column":36},"end":{"line":26,"column":42}},"loc":{"start":{"line":26,"column":45},"end":{"line":32,"column":3}}},"2":{"name":"(anonymous_2)","decl":{"start":{"line":32,"column":10},"end":{"line":32,"column":11}},"loc":{"start":{"line":32,"column":20},"end":{"line":32,"column":25}}},"3":{"name":"(anonymous_3)","decl":{"start":{"line":38,"column":42},"end":{"line":38,"column":43}},"loc":{"start":{"line":38,"column":58},"end":{"line":38,"column":69}}}},"branchMap":{"0":{"loc":{"start":{"line":15,"column":2},"end":{"line":15,"column":26}},"type":"default-arg","locations":[{"start":{"line":15,"column":25},"end":{"line":15,"column":26}}]},"1":{"loc":{"start":{"line":27,"column":4},"end":{"line":31,"column":5}},"type":"if","locations":[{"start":{"line":27,"column":4},"end":{"line":31,"column":5}},{"start":{"line":29,"column":11},"end":{"line":31,"column":5}}]}},"s":{"0":1,"1":4,"2":4,"3":23,"4":16,"5":7,"6":35,"7":4,"8":4,"9":4,"10":21,"11":4},"f":{"0":4,"1":23,"2":35,"3":21},"b":{"0":[0],"1":[16,7]}}
,"/home/clawd/.openclaw/workspace/regatta-backend/src/server.ts": {"path":"/home/clawd/.openclaw/workspace/regatta-backend/src/server.ts","statementMap":{"0":{"start":{"line":2,"column":0},"end":{"line":2,"column":30}},"1":{"start":{"line":3,"column":0},"end":{"line":3,"column":24}},"2":{"start":{"line":4,"column":0},"end":{"line":4,"column":61}},"3":{"start":{"line":6,"column":12},"end":{"line":6,"column":21}},"4":{"start":{"line":7,"column":13},"end":{"line":7,"column":17}},"5":{"start":{"line":9,"column":0},"end":{"line":9,"column":16}},"6":{"start":{"line":10,"column":0},"end":{"line":10,"column":24}},"7":{"start":{"line":12,"column":0},"end":{"line":33,"column":3}},"8":{"start":{"line":13,"column":2},"end":{"line":32,"column":3}},"9":{"start":{"line":14,"column":49},"end":{"line":14,"column":57}},"10":{"start":{"line":17,"column":27},"end":{"line":17,"column":69}},"11":{"start":{"line":18,"column":4},"end":{"line":20,"column":5}},"12":{"start":{"line":18,"column":53},"end":{"line":18,"column":132}},"13":{"start":{"line":19,"column":6},"end":{"line":19,"column":70}},"14":{"start":{"line":21,"column":4},"end":{"line":23,"column":5}},"15":{"start":{"line":22,"column":6},"end":{"line":22,"column":66}},"16":{"start":{"line":25,"column":31},"end":{"line":25,"column":103}},"17":{"start":{"line":27,"column":23},"end":{"line":27,"column":99}},"18":{"start":{"line":28,"column":4},"end":{"line":28,"column":29}},"19":{"start":{"line":30,"column":4},"end":{"line":30,"column":53}},"20":{"start":{"line":31,"column":4},"end":{"line":31,"column":61}},"21":{"start":{"line":35,"column":15},"end":{"line":37,"column":2}},"22":{"start":{"line":36,"column":2},"end":{"line":36,"column":50}},"23":{"start":{"line":39,"column":0},"end":{"line":39,"column":22}}},"fnMap":{"0":{"name":"(anonymous_1)","decl":{"start":{"line":12,"column":23},"end":{"line":12,"column":24}},"loc":{"start":{"line":12,"column":36},"end":{"line":33,"column":1}}},"1":{"name":"(anonymous_2)","decl":{"start":{"line":18,"column":48},"end":{"line":18,"column":49}},"loc":{"start":{"line":18,"column":53},"end":{"line":18,"column":132}}},"2":{"name":"(anonymous_3)","decl":{"start":{"line":35,"column":32},"end":{"line":35,"column":35}},"loc":{"start":{"line":35,"column":37},"end":{"line":37,"column":1}}}},"branchMap":{"0":{"loc":{"start":{"line":18,"column":4},"end":{"line":20,"column":5}},"type":"if","locations":[{"start":{"line":18,"column":4},"end":{"line":20,"column":5}},{"start":{},"end":{}}]},"1":{"loc":{"start":{"line":18,"column":8},"end":{"line":18,"column":133}},"type":"binary-expr","locations":[{"start":{"line":18,"column":8},"end":{"line":18,"column":31}},{"start":{"line":18,"column":35},"end":{"line":18,"column":133}}]},"2":{"loc":{"start":{"line":18,"column":53},"end":{"line":18,"column":132}},"type":"binary-expr","locations":[{"start":{"line":18,"column":53},"end":{"line":18,"column":74}},{"start":{"line":18,"column":79},"end":{"line":18,"column":100}},{"start":{"line":18,"column":104},"end":{"line":18,"column":131}}]},"3":{"loc":{"start":{"line":21,"column":4},"end":{"line":23,"column":5}},"type":"if","locations":[{"start":{"line":21,"column":4},"end":{"line":23,"column":5}},{"start":{},"end":{}}]},"4":{"loc":{"start":{"line":21,"column":8},"end":{"line":21,"column":55}},"type":"binary-expr","locations":[{"start":{"line":21,"column":8},"end":{"line":21,"column":37}},{"start":{"line":21,"column":41},"end":{"line":21,"column":55}}]},"5":{"loc":{"start":{"line":25,"column":31},"end":{"line":25,"column":103}},"type":"cond-expr","locations":[{"start":{"line":25,"column":87},"end":{"line":25,"column":99}},{"start":{"line":25,"column":102},"end":{"line":25,"column":103}}]},"6":{"loc":{"start":{"line":25,"column":31},"end":{"line":25,"column":84}},"type":"binary-expr","locations":[{"start":{"line":25,"column":31},"end":{"line":25,"column":63}},{"start":{"line":25,"column":67},"end":{"line":25,"column":84}}]}},"s":{"0":1,"1":1,"2":1,"3":1,"4":1,"5":1,"6":1,"7":1,"8":7,"9":7,"10":7,"11":7,"12":31,"13":1,"14":6,"15":1,"16":5,"17":5,"18":4,"19":1,"20":1,"21":1,"22":1,"23":1},"f":{"0":7,"1":31,"2":1},"b":{"0":[1,6],"1":[7,7],"2":[31,8,8],"3":[1,5],"4":[6,6],"5":[4,1],"6":[5,4]}}
}
