TN:
SF:src/scoring.ts
FN:12,calculateSeriesScore
FN:26,(anonymous_1)
FN:32,(anonymous_2)
FN:38,(anonymous_3)
FNF:4
FNH:4
FNDA:4,calculateSeriesScore
FNDA:23,(anonymous_1)
FNDA:35,(anonymous_2)
FNDA:21,(anonymous_3)
DA:12,1
DA:17,4
DA:26,4
DA:27,23
DA:28,16
DA:30,7
DA:32,35
DA:35,4
DA:36,4
DA:38,21
DA:40,4
LF:11
LH:11
BRDA:15,0,0,0
BRDA:27,1,0,16
BRDA:27,1,1,7
BRF:3
BRH:2
end_of_record
TN:
SF:src/server.ts
FN:12,(anonymous_1)
FN:18,(anonymous_2)
FN:35,(anonymous_3)
FNF:3
FNH:3
FNDA:7,(anonymous_1)
FNDA:31,(anonymous_2)
FNDA:1,(anonymous_3)
DA:2,1
DA:3,1
DA:4,1
DA:6,1
DA:7,1
DA:9,1
DA:10,1
DA:12,1
DA:13,7
DA:14,7
DA:17,7
DA:18,31
DA:19,1
DA:21,6
DA:22,1
DA:25,5
DA:27,5
DA:28,4
DA:30,1
DA:31,1
DA:35,1
DA:36,1
DA:39,1
LF:23
LH:23
BRDA:18,0,0,1
BRDA:18,0,1,6
BRDA:18,1,0,7
BRDA:18,1,1,7
BRDA:18,2,0,31
BRDA:18,2,1,8
BRDA:18,2,2,8
BRDA:21,3,0,1
BRDA:21,3,1,5
BRDA:21,4,0,6
BRDA:21,4,1,6
BRDA:25,5,0,4
BRDA:25,5,1,1
BRDA:25,6,0,5
BRDA:25,6,1,4
BRF:15
BRH:15
end_of_record
